-------------------------------------------------------------------------------
Test set: org.jsoup.nodes.ElementTest
-------------------------------------------------------------------------------
Tests run: 99, Failures: 0, Errors: 97, Skipped: 0, Time elapsed: 0.02 sec <<< FAILURE! - in org.jsoup.nodes.ElementTest
testFormatOutline(org.jsoup.nodes.ElementTest)  Time elapsed: 0 sec  <<< ERROR!
java.lang.IllegalArgumentException: String input must not be null
	at org.jsoup.nodes.ElementTest.testFormatOutline(ElementTest.java:330)

parentlessToString(org.jsoup.nodes.ElementTest)  Time elapsed: 0 sec  <<< ERROR!
java.lang.IllegalArgumentException: String input must not be null
	at org.jsoup.nodes.ElementTest.parentlessToString(ElementTest.java:605)

insertChildrenArgumentValidation(org.jsoup.nodes.ElementTest)  Time elapsed: 0 sec  <<< ERROR!
java.lang.IllegalArgumentException: String input must not be null
	at org.jsoup.nodes.ElementTest.insertChildrenArgumentValidation(ElementTest.java:794)

testPrependElement(org.jsoup.nodes.ElementTest)  Time elapsed: 0.001 sec  <<< ERROR!
java.lang.IllegalArgumentException: String input must not be null
	at org.jsoup.nodes.ElementTest.testPrependElement(ElementTest.java:439)

testOuterHtml(org.jsoup.nodes.ElementTest)  Time elapsed: 0 sec  <<< ERROR!
java.lang.IllegalArgumentException: String input must not be null
	at org.jsoup.nodes.ElementTest.testOuterHtml(ElementTest.java:314)

testHashcodeIsStableWithContentChanges(org.jsoup.nodes.ElementTest)  Time elapsed: 0.002 sec  <<< ERROR!
java.lang.ExceptionInInitializerError
	at org.jsoup.nodes.ElementTest.testHashcodeIsStableWithContentChanges(ElementTest.java:999)
Caused by: java.lang.IllegalArgumentException: Object must not be null
	at org.jsoup.nodes.ElementTest.testHashcodeIsStableWithContentChanges(ElementTest.java:999)

voidTestFilterCallReturnsElement(org.jsoup.nodes.ElementTest)  Time elapsed: 0 sec  <<< ERROR!
java.lang.IllegalArgumentException: String input must not be null
	at org.jsoup.nodes.ElementTest.voidTestFilterCallReturnsElement(ElementTest.java:1469)

elementByTagName(org.jsoup.nodes.ElementTest)  Time elapsed: 0 sec  <<< ERROR!
java.lang.NoClassDefFoundError: Could not initialize class org.jsoup.parser.Tag
	at org.jsoup.nodes.ElementTest.elementByTagName(ElementTest.java:1070)
Caused by: java.lang.ExceptionInInitializerError: Exception java.lang.IllegalArgumentException: Object must not be null [in thread "main"]
	at org.jsoup.nodes.ElementTest.testHashcodeIsStableWithContentChanges(ElementTest.java:999)

testClonesClassnames(org.jsoup.nodes.ElementTest)  Time elapsed: 0 sec  <<< ERROR!
java.lang.IllegalArgumentException: String input must not be null
	at org.jsoup.nodes.ElementTest.testClonesClassnames(ElementTest.java:634)

appendMustCorrectlyMoveChildrenInsideOneParentElement(org.jsoup.nodes.ElementTest)  Time elapsed: 0 sec  <<< ERROR!
java.lang.NoClassDefFoundError: Could not initialize class org.jsoup.parser.Tag
	at org.jsoup.nodes.ElementTest.appendMustCorrectlyMoveChildrenInsideOneParentElement(ElementTest.java:979)
Caused by: java.lang.ExceptionInInitializerError: Exception java.lang.IllegalArgumentException: Object must not be null [in thread "main"]
	at org.jsoup.nodes.ElementTest.testHashcodeIsStableWithContentChanges(ElementTest.java:999)

before(org.jsoup.nodes.ElementTest)  Time elapsed: 0 sec  <<< ERROR!
java.lang.IllegalArgumentException: String input must not be null
	at org.jsoup.nodes.ElementTest.before(ElementTest.java:534)

testRemoveBeforeIndex(org.jsoup.nodes.ElementTest)  Time elapsed: 0 sec  <<< ERROR!
java.lang.IllegalArgumentException: String input must not be null
	at org.jsoup.nodes.ElementTest.testRemoveBeforeIndex(ElementTest.java:1236)

testChainedRemoveAttributes(org.jsoup.nodes.ElementTest)  Time elapsed: 0.001 sec  <<< ERROR!
java.lang.IllegalArgumentException: String input must not be null
	at org.jsoup.nodes.ElementTest.testChainedRemoveAttributes(ElementTest.java:1022)

booleanAttributeOutput(org.jsoup.nodes.ElementTest)  Time elapsed: 0 sec  <<< ERROR!
java.lang.IllegalArgumentException: String input must not be null
	at org.jsoup.nodes.ElementTest.booleanAttributeOutput(ElementTest.java:1316)

testAddNewHtml(org.jsoup.nodes.ElementTest)  Time elapsed: 0 sec  <<< ERROR!
java.lang.IllegalArgumentException: String input must not be null
	at org.jsoup.nodes.ElementTest.testAddNewHtml(ElementTest.java:474)

testAddNewText(org.jsoup.nodes.ElementTest)  Time elapsed: 0 sec  <<< ERROR!
java.lang.IllegalArgumentException: String input must not be null
	at org.jsoup.nodes.ElementTest.testAddNewText(ElementTest.java:447)

testPreviousElementSiblings(org.jsoup.nodes.ElementTest)  Time elapsed: 0 sec  <<< ERROR!
java.lang.IllegalArgumentException: String input must not be null
	at org.jsoup.nodes.ElementTest.testPreviousElementSiblings(ElementTest.java:1375)

testGetElementById(org.jsoup.nodes.ElementTest)  Time elapsed: 0 sec  <<< ERROR!
java.lang.IllegalArgumentException: String input must not be null
	at org.jsoup.nodes.ElementTest.testGetElementById(ElementTest.java:60)

testClone(org.jsoup.nodes.ElementTest)  Time elapsed: 0.001 sec  <<< ERROR!
java.lang.IllegalArgumentException: String input must not be null
	at org.jsoup.nodes.ElementTest.testClone(ElementTest.java:614)

testHtmlContainsOuter(org.jsoup.nodes.ElementTest)  Time elapsed: 0 sec  <<< ERROR!
java.lang.IllegalArgumentException: String input must not be null
	at org.jsoup.nodes.ElementTest.testHtmlContainsOuter(ElementTest.java:698)

testClassDomMethods(org.jsoup.nodes.ElementTest)  Time elapsed: 0 sec  <<< ERROR!
java.lang.IllegalArgumentException: String input must not be null
	at org.jsoup.nodes.ElementTest.testClassDomMethods(ElementTest.java:228)

testRoot(org.jsoup.nodes.ElementTest)  Time elapsed: 0 sec  <<< ERROR!
java.lang.NoClassDefFoundError: Could not initialize class org.jsoup.parser.Tag
	at org.jsoup.nodes.ElementTest.testRoot(ElementTest.java:1429)
Caused by: java.lang.ExceptionInInitializerError: Exception java.lang.IllegalArgumentException: Object must not be null [in thread "main"]
	at org.jsoup.nodes.ElementTest.testHashcodeIsStableWithContentChanges(ElementTest.java:999)

testWrap(org.jsoup.nodes.ElementTest)  Time elapsed: 0 sec  <<< ERROR!
java.lang.IllegalArgumentException: String input must not be null
	at org.jsoup.nodes.ElementTest.testWrap(ElementTest.java:521)

testNamespacedElements(org.jsoup.nodes.ElementTest)  Time elapsed: 0 sec  <<< ERROR!
java.lang.IllegalArgumentException: String input must not be null
	at org.jsoup.nodes.ElementTest.testNamespacedElements(ElementTest.java:1013)

testClassNames(org.jsoup.nodes.ElementTest)  Time elapsed: 0.001 sec  <<< ERROR!
java.lang.IllegalArgumentException: String input must not be null
	at org.jsoup.nodes.ElementTest.testClassNames(ElementTest.java:880)

testElementSiblingIndex(org.jsoup.nodes.ElementTest)  Time elapsed: 0 sec  <<< ERROR!
java.lang.IllegalArgumentException: String input must not be null
	at org.jsoup.nodes.ElementTest.testElementSiblingIndex(ElementTest.java:167)

testIs(org.jsoup.nodes.ElementTest)  Time elapsed: 0 sec  <<< ERROR!
java.lang.IllegalArgumentException: String input must not be null
	at org.jsoup.nodes.ElementTest.testIs(ElementTest.java:1048)

testEmptyElementFormatHtml(org.jsoup.nodes.ElementTest)  Time elapsed: 0 sec  <<< ERROR!
java.lang.IllegalArgumentException: String input must not be null
	at org.jsoup.nodes.ElementTest.testEmptyElementFormatHtml(ElementTest.java:352)

testLoopedRemoveAttributes(org.jsoup.nodes.ElementTest)  Time elapsed: 0 sec  <<< ERROR!
java.lang.IllegalArgumentException: String input must not be null
	at org.jsoup.nodes.ElementTest.testLoopedRemoveAttributes(ElementTest.java:1037)

testShadowElementsAreUpdated(org.jsoup.nodes.ElementTest)  Time elapsed: 0 sec  <<< ERROR!
java.lang.IllegalArgumentException: String input must not be null
	at org.jsoup.nodes.ElementTest.testShadowElementsAreUpdated(ElementTest.java:1105)

testKeepsPreTextAtDepth(org.jsoup.nodes.ElementTest)  Time elapsed: 0.001 sec  <<< ERROR!
java.lang.IllegalArgumentException: String input must not be null
	at org.jsoup.nodes.ElementTest.testKeepsPreTextAtDepth(ElementTest.java:107)

testGetElementsWithAttribute(org.jsoup.nodes.ElementTest)  Time elapsed: 0 sec  <<< ERROR!
java.lang.IllegalArgumentException: String input must not be null
	at org.jsoup.nodes.ElementTest.testGetElementsWithAttribute(ElementTest.java:200)

testNoIndentOnScriptAndStyle(org.jsoup.nodes.ElementTest)  Time elapsed: 0 sec  <<< ERROR!
java.lang.IllegalArgumentException: String input must not be null
	at org.jsoup.nodes.ElementTest.testNoIndentOnScriptAndStyle(ElementTest.java:358)

testAppendRowToTable(org.jsoup.nodes.ElementTest)  Time elapsed: 0 sec  <<< ERROR!
java.lang.IllegalArgumentException: String input must not be null
	at org.jsoup.nodes.ElementTest.testAppendRowToTable(ElementTest.java:417)

testGetElementsWithClass(org.jsoup.nodes.ElementTest)  Time elapsed: 0 sec  <<< ERROR!
java.lang.IllegalArgumentException: String input must not be null
	at org.jsoup.nodes.ElementTest.testGetElementsWithClass(ElementTest.java:183)

testShallowClone(org.jsoup.nodes.ElementTest)  Time elapsed: 0 sec  <<< ERROR!
java.lang.IllegalArgumentException: String input must not be null
	at org.jsoup.nodes.ElementTest.testShallowClone(ElementTest.java:660)

testWrapWithRemainder(org.jsoup.nodes.ElementTest)  Time elapsed: 0 sec  <<< ERROR!
java.lang.IllegalArgumentException: String input must not be null
	at org.jsoup.nodes.ElementTest.testWrapWithRemainder(ElementTest.java:554)

testClearAttributes(org.jsoup.nodes.ElementTest)  Time elapsed: 0 sec  <<< ERROR!
java.lang.NoClassDefFoundError: Could not initialize class org.jsoup.parser.Tag
	at org.jsoup.nodes.ElementTest.testClearAttributes(ElementTest.java:1408)
Caused by: java.lang.ExceptionInInitializerError: Exception java.lang.IllegalArgumentException: Object must not be null [in thread "main"]
	at org.jsoup.nodes.ElementTest.testHashcodeIsStableWithContentChanges(ElementTest.java:999)

testKeepsPreTextInCode(org.jsoup.nodes.ElementTest)  Time elapsed: 0 sec  <<< ERROR!
java.lang.IllegalArgumentException: String input must not be null
	at org.jsoup.nodes.ElementTest.testKeepsPreTextInCode(ElementTest.java:100)

testHasClassDomMethods(org.jsoup.nodes.ElementTest)  Time elapsed: 0 sec  <<< ERROR!
java.lang.NoClassDefFoundError: Could not initialize class org.jsoup.parser.Tag
	at org.jsoup.nodes.ElementTest.testHasClassDomMethods(ElementTest.java:246)
Caused by: java.lang.ExceptionInInitializerError: Exception java.lang.IllegalArgumentException: Object must not be null [in thread "main"]
	at org.jsoup.nodes.ElementTest.testHashcodeIsStableWithContentChanges(ElementTest.java:999)

testGetParents(org.jsoup.nodes.ElementTest)  Time elapsed: 0 sec  <<< ERROR!
java.lang.IllegalArgumentException: String input must not be null
	at org.jsoup.nodes.ElementTest.testGetParents(ElementTest.java:155)

testGetText(org.jsoup.nodes.ElementTest)  Time elapsed: 0 sec  <<< ERROR!
java.lang.IllegalArgumentException: String input must not be null
	at org.jsoup.nodes.ElementTest.testGetText(ElementTest.java:73)

getElementsByTagName(org.jsoup.nodes.ElementTest)  Time elapsed: 0 sec  <<< ERROR!
java.lang.IllegalArgumentException: String input must not be null
	at org.jsoup.nodes.ElementTest.getElementsByTagName(ElementTest.java:31)

testFormatHtml(org.jsoup.nodes.ElementTest)  Time elapsed: 0.001 sec  <<< ERROR!
java.lang.IllegalArgumentException: String input must not be null
	at org.jsoup.nodes.ElementTest.testFormatHtml(ElementTest.java:325)

testGetElementsWithAttributeValue(org.jsoup.nodes.ElementTest)  Time elapsed: 0 sec  <<< ERROR!
java.lang.IllegalArgumentException: String input must not be null
	at org.jsoup.nodes.ElementTest.testGetElementsWithAttributeValue(ElementTest.java:218)

testWholeText(org.jsoup.nodes.ElementTest)  Time elapsed: 0 sec  <<< ERROR!
java.lang.IllegalArgumentException: String input must not be null
	at org.jsoup.nodes.ElementTest.testWholeText(ElementTest.java:122)

testGetElementsWithAttributeDash(org.jsoup.nodes.ElementTest)  Time elapsed: 0 sec  <<< ERROR!
java.lang.IllegalArgumentException: String input must not be null
	at org.jsoup.nodes.ElementTest.testGetElementsWithAttributeDash(ElementTest.java:211)

testManipulateTextNodes(org.jsoup.nodes.ElementTest)  Time elapsed: 0 sec  <<< ERROR!
java.lang.IllegalArgumentException: String input must not be null
	at org.jsoup.nodes.ElementTest.testManipulateTextNodes(ElementTest.java:717)

testChildThrowsIndexOutOfBoundsOnMissing(org.jsoup.nodes.ElementTest)  Time elapsed: 0 sec  <<< ERROR!
java.lang.IllegalArgumentException: String input must not be null
	at org.jsoup.nodes.ElementTest.testChildThrowsIndexOutOfBoundsOnMissing(ElementTest.java:759)

testPrependRowToTable(org.jsoup.nodes.ElementTest)  Time elapsed: 0 sec  <<< ERROR!
java.lang.IllegalArgumentException: String input must not be null
	at org.jsoup.nodes.ElementTest.testPrependRowToTable(ElementTest.java:425)

testGetTextNodes(org.jsoup.nodes.ElementTest)  Time elapsed: 0.001 sec  <<< ERROR!
java.lang.IllegalArgumentException: String input must not be null
	at org.jsoup.nodes.ElementTest.testGetTextNodes(ElementTest.java:705)

after(org.jsoup.nodes.ElementTest)  Time elapsed: 0 sec  <<< ERROR!
java.lang.IllegalArgumentException: String input must not be null
	at org.jsoup.nodes.ElementTest.after(ElementTest.java:544)

testContainerOutput(org.jsoup.nodes.ElementTest)  Time elapsed: 0 sec  <<< ERROR!
java.lang.IllegalArgumentException: String input must not be null
	at org.jsoup.nodes.ElementTest.testContainerOutput(ElementTest.java:363)

testInnerHtml(org.jsoup.nodes.ElementTest)  Time elapsed: 0 sec  <<< ERROR!
java.lang.IllegalArgumentException: String input must not be null
	at org.jsoup.nodes.ElementTest.testInnerHtml(ElementTest.java:320)

testHasText(org.jsoup.nodes.ElementTest)  Time elapsed: 0 sec  <<< ERROR!
java.lang.IllegalArgumentException: String input must not be null
	at org.jsoup.nodes.ElementTest.testHasText(ElementTest.java:561)

testRemoveAttr(org.jsoup.nodes.ElementTest)  Time elapsed: 0 sec  <<< ERROR!
java.lang.NoClassDefFoundError: Could not initialize class org.jsoup.parser.Tag
	at org.jsoup.nodes.ElementTest.testRemoveAttr(ElementTest.java:1417)
Caused by: java.lang.ExceptionInInitializerError: Exception java.lang.IllegalArgumentException: Object must not be null [in thread "main"]
	at org.jsoup.nodes.ElementTest.testHashcodeIsStableWithContentChanges(ElementTest.java:999)

textHasSpaceBetweenDivAndCenterTags(org.jsoup.nodes.ElementTest)  Time elapsed: 0 sec  <<< ERROR!
java.lang.IllegalArgumentException: String input must not be null
	at org.jsoup.nodes.ElementTest.textHasSpaceBetweenDivAndCenterTags(ElementTest.java:1330)

testGetDataNodes(org.jsoup.nodes.ElementTest)  Time elapsed: 0.001 sec  <<< ERROR!
java.lang.IllegalArgumentException: String input must not be null
	at org.jsoup.nodes.ElementTest.testGetDataNodes(ElementTest.java:730)

testCssPath(org.jsoup.nodes.ElementTest)  Time elapsed: 0 sec  <<< ERROR!
java.lang.IllegalArgumentException: String input must not be null
	at org.jsoup.nodes.ElementTest.testCssPath(ElementTest.java:864)

testSetHtmlTitle(org.jsoup.nodes.ElementTest)  Time elapsed: 0 sec  <<< ERROR!
java.lang.IllegalArgumentException: String input must not be null
	at org.jsoup.nodes.ElementTest.testSetHtmlTitle(ElementTest.java:507)

testChildrenElements(org.jsoup.nodes.ElementTest)  Time elapsed: 0 sec  <<< ERROR!
java.lang.IllegalArgumentException: String input must not be null
	at org.jsoup.nodes.ElementTest.testChildrenElements(ElementTest.java:1076)

moveByAppend(org.jsoup.nodes.ElementTest)  Time elapsed: 0 sec  <<< ERROR!
java.lang.IllegalArgumentException: String input must not be null
	at org.jsoup.nodes.ElementTest.moveByAppend(ElementTest.java:775)

testNormalisesText(org.jsoup.nodes.ElementTest)  Time elapsed: 0 sec  <<< ERROR!
java.lang.IllegalArgumentException: String input must not be null
	at org.jsoup.nodes.ElementTest.testNormalisesText(ElementTest.java:87)

testClassUpdates(org.jsoup.nodes.ElementTest)  Time elapsed: 0 sec  <<< ERROR!
java.lang.IllegalArgumentException: String input must not be null
	at org.jsoup.nodes.ElementTest.testClassUpdates(ElementTest.java:301)

testAddNewElement(org.jsoup.nodes.ElementTest)  Time elapsed: 0.001 sec  <<< ERROR!
java.lang.IllegalArgumentException: String input must not be null
	at org.jsoup.nodes.ElementTest.testAddNewElement(ElementTest.java:381)

testHashAndEqualsAndValue(org.jsoup.nodes.ElementTest)  Time elapsed: 0 sec  <<< ERROR!
java.lang.IllegalArgumentException: String input must not be null
	at org.jsoup.nodes.ElementTest.testHashAndEqualsAndValue(ElementTest.java:921)

testElementSiblingIndexSameContent(org.jsoup.nodes.ElementTest)  Time elapsed: 0 sec  <<< ERROR!
java.lang.IllegalArgumentException: String input must not be null
	at org.jsoup.nodes.ElementTest.testElementSiblingIndexSameContent(ElementTest.java:175)

testGetChildText(org.jsoup.nodes.ElementTest)  Time elapsed: 0 sec  <<< ERROR!
java.lang.IllegalArgumentException: String input must not be null
	at org.jsoup.nodes.ElementTest.testGetChildText(ElementTest.java:79)

testRelativeUrls(org.jsoup.nodes.ElementTest)  Time elapsed: 0 sec  <<< ERROR!
java.lang.IllegalArgumentException: String input must not be null
	at org.jsoup.nodes.ElementTest.testRelativeUrls(ElementTest.java:967)

testSetIndent(org.jsoup.nodes.ElementTest)  Time elapsed: 0 sec  <<< ERROR!
java.lang.IllegalArgumentException: String input must not be null
	at org.jsoup.nodes.ElementTest.testSetIndent(ElementTest.java:336)

testGetSiblingsWithDuplicateContent(org.jsoup.nodes.ElementTest)  Time elapsed: 0 sec  <<< ERROR!
java.lang.IllegalArgumentException: String input must not be null
	at org.jsoup.nodes.ElementTest.testGetSiblingsWithDuplicateContent(ElementTest.java:143)

testNormalizesInvisiblesInText(org.jsoup.nodes.ElementTest)  Time elapsed: 0 sec  <<< ERROR!
java.lang.IllegalArgumentException: String input must not be null
	at org.jsoup.nodes.ElementTest.testNormalizesInvisiblesInText(ElementTest.java:1221)

insertChildrenAsCopy(org.jsoup.nodes.ElementTest)  Time elapsed: 0 sec  <<< ERROR!
java.lang.IllegalArgumentException: String input must not be null
	at org.jsoup.nodes.ElementTest.insertChildrenAsCopy(ElementTest.java:849)

testTagNameSet(org.jsoup.nodes.ElementTest)  Time elapsed: 0 sec  <<< ERROR!
java.lang.IllegalArgumentException: String input must not be null
	at org.jsoup.nodes.ElementTest.testTagNameSet(ElementTest.java:690)

dataset(org.jsoup.nodes.ElementTest)  Time elapsed: 0 sec  <<< ERROR!
java.lang.IllegalArgumentException: String input must not be null
	at org.jsoup.nodes.ElementTest.dataset(ElementTest.java:571)

testPrependText(org.jsoup.nodes.ElementTest)  Time elapsed: 0 sec  <<< ERROR!
java.lang.IllegalArgumentException: String input must not be null
	at org.jsoup.nodes.ElementTest.testPrependText(ElementTest.java:454)

testNormalizesNbspInText(org.jsoup.nodes.ElementTest)  Time elapsed: 0 sec  <<< ERROR!
java.lang.IllegalArgumentException: String input must not be null
	at org.jsoup.nodes.ElementTest.testNormalizesNbspInText(ElementTest.java:1203)

testRemoveAfterIndex(org.jsoup.nodes.ElementTest)  Time elapsed: 0.001 sec  <<< ERROR!
java.lang.IllegalArgumentException: String input must not be null
	at org.jsoup.nodes.ElementTest.testRemoveAfterIndex(ElementTest.java:1253)

testGetSiblings(org.jsoup.nodes.ElementTest)  Time elapsed: 0 sec  <<< ERROR!
java.lang.IllegalArgumentException: String input must not be null
	at org.jsoup.nodes.ElementTest.testGetSiblings(ElementTest.java:133)

testSetHtml(org.jsoup.nodes.ElementTest)  Time elapsed: 0 sec  <<< ERROR!
java.lang.IllegalArgumentException: String input must not be null
	at org.jsoup.nodes.ElementTest.testSetHtml(ElementTest.java:500)

testSetText(org.jsoup.nodes.ElementTest)  Time elapsed: 0 sec  <<< ERROR!
java.lang.IllegalArgumentException: String input must not be null
	at org.jsoup.nodes.ElementTest.testSetText(ElementTest.java:371)

testNextElementSiblings(org.jsoup.nodes.ElementTest)  Time elapsed: 0 sec  <<< ERROR!
java.lang.IllegalArgumentException: String input must not be null
	at org.jsoup.nodes.ElementTest.testNextElementSiblings(ElementTest.java:1336)

testAddBooleanAttribute(org.jsoup.nodes.ElementTest)  Time elapsed: 0 sec  <<< ERROR!
java.lang.NoClassDefFoundError: Could not initialize class org.jsoup.parser.Tag
	at org.jsoup.nodes.ElementTest.testAddBooleanAttribute(ElementTest.java:397)
Caused by: java.lang.ExceptionInInitializerError: Exception java.lang.IllegalArgumentException: Object must not be null [in thread "main"]
	at org.jsoup.nodes.ElementTest.testHashcodeIsStableWithContentChanges(ElementTest.java:999)

textHasSpaceAfterBlockTags(org.jsoup.nodes.ElementTest)  Time elapsed: 0.001 sec  <<< ERROR!
java.lang.IllegalArgumentException: String input must not be null
	at org.jsoup.nodes.ElementTest.textHasSpaceAfterBlockTags(ElementTest.java:1324)

whiteSpaceClassElement(org.jsoup.nodes.ElementTest)  Time elapsed: 0 sec  <<< ERROR!
java.lang.NoClassDefFoundError: Could not initialize class org.jsoup.parser.Tag
	at org.jsoup.nodes.ElementTest.whiteSpaceClassElement(ElementTest.java:1270)
Caused by: java.lang.ExceptionInInitializerError: Exception java.lang.IllegalArgumentException: Object must not be null [in thread "main"]
	at org.jsoup.nodes.ElementTest.testHashcodeIsStableWithContentChanges(ElementTest.java:999)

classNamesAndAttributeNameIsCaseInsensitive(org.jsoup.nodes.ElementTest)  Time elapsed: 0 sec  <<< ERROR!
java.lang.IllegalArgumentException: String input must not be null
	at org.jsoup.nodes.ElementTest.classNamesAndAttributeNameIsCaseInsensitive(ElementTest.java:1146)

testPrependNewHtml(org.jsoup.nodes.ElementTest)  Time elapsed: 0 sec  <<< ERROR!
java.lang.IllegalArgumentException: String input must not be null
	at org.jsoup.nodes.ElementTest.testPrependNewHtml(ElementTest.java:487)

testRemovingEmptyClassAttributeWhenLastClassRemoved(org.jsoup.nodes.ElementTest)  Time elapsed: 0 sec  <<< ERROR!
java.lang.IllegalArgumentException: String input must not be null
	at org.jsoup.nodes.ElementTest.testRemovingEmptyClassAttributeWhenLastClassRemoved(ElementTest.java:1307)

testBrHasSpace(org.jsoup.nodes.ElementTest)  Time elapsed: 0 sec  <<< ERROR!
java.lang.IllegalArgumentException: String input must not be null
	at org.jsoup.nodes.ElementTest.testBrHasSpace(ElementTest.java:113)

testKeepsPreText(org.jsoup.nodes.ElementTest)  Time elapsed: 0 sec  <<< ERROR!
java.lang.IllegalArgumentException: String input must not be null
	at org.jsoup.nodes.ElementTest.testKeepsPreText(ElementTest.java:94)

testNotPretty(org.jsoup.nodes.ElementTest)  Time elapsed: 0 sec  <<< ERROR!
java.lang.IllegalArgumentException: String input must not be null
	at org.jsoup.nodes.ElementTest.testNotPretty(ElementTest.java:342)

testNextElementSiblingAfterClone(org.jsoup.nodes.ElementTest)  Time elapsed: 0.001 sec  <<< ERROR!
java.lang.IllegalArgumentException: String input must not be null
	at org.jsoup.nodes.ElementTest.testNextElementSiblingAfterClone(ElementTest.java:1286)

testAppendTo(org.jsoup.nodes.ElementTest)  Time elapsed: 0 sec  <<< ERROR!
java.lang.IllegalArgumentException: String input must not be null
	at org.jsoup.nodes.ElementTest.testAppendTo(ElementTest.java:1184)

getNamespacedElementsByTag(org.jsoup.nodes.ElementTest)  Time elapsed: 0 sec  <<< ERROR!
java.lang.IllegalArgumentException: String input must not be null
	at org.jsoup.nodes.ElementTest.getNamespacedElementsByTag(ElementTest.java:52)

testTraverse(org.jsoup.nodes.ElementTest)  Time elapsed: 0 sec  <<< ERROR!
java.lang.IllegalArgumentException: String input must not be null
	at org.jsoup.nodes.ElementTest.testTraverse(ElementTest.java:1445)

insertChildrenAtPosition(org.jsoup.nodes.ElementTest)  Time elapsed: 0 sec  <<< ERROR!
java.lang.IllegalArgumentException: String input must not be null
	at org.jsoup.nodes.ElementTest.insertChildrenAtPosition(ElementTest.java:819)

elementIsNotASiblingOfItself(org.jsoup.nodes.ElementTest)  Time elapsed: 0 sec  <<< ERROR!
java.lang.IllegalArgumentException: String input must not be null
	at org.jsoup.nodes.ElementTest.elementIsNotASiblingOfItself(ElementTest.java:748)

