-------------------------------------------------------------------------------
Test set: org.jsoup.select.SelectorTest
-------------------------------------------------------------------------------
Tests run: 62, Failures: 0, Errors: 62, Skipped: 0, Time elapsed: 0.003 sec <<< FAILURE! - in org.jsoup.select.SelectorTest
containsData(org.jsoup.select.SelectorTest)  Time elapsed: 0 sec  <<< ERROR!
java.lang.IllegalArgumentException: String input must not be null
	at org.jsoup.select.SelectorTest.containsData(SelectorTest.java:727)

testByAttributeStarting(org.jsoup.select.SelectorTest)  Time elapsed: 0 sec  <<< ERROR!
java.lang.IllegalArgumentException: String input must not be null
	at org.jsoup.select.SelectorTest.testByAttributeStarting(SelectorTest.java:150)

deeperDescendant(org.jsoup.select.SelectorTest)  Time elapsed: 0 sec  <<< ERROR!
java.lang.IllegalArgumentException: String input must not be null
	at org.jsoup.select.SelectorTest.deeperDescendant(SelectorTest.java:283)

selectSameElements(org.jsoup.select.SelectorTest)  Time elapsed: 0 sec  <<< ERROR!
java.lang.IllegalArgumentException: String input must not be null
	at org.jsoup.select.SelectorTest.selectSameElements(SelectorTest.java:708)

testPseudoEquals(org.jsoup.select.SelectorTest)  Time elapsed: 0 sec  <<< ERROR!
java.lang.IllegalArgumentException: String input must not be null
	at org.jsoup.select.SelectorTest.testPseudoEquals(SelectorTest.java:458)

testByClassCaseInsensitive(org.jsoup.select.SelectorTest)  Time elapsed: 0 sec  <<< ERROR!
java.lang.IllegalArgumentException: String input must not be null
	at org.jsoup.select.SelectorTest.testByClassCaseInsensitive(SelectorTest.java:58)

testByAttributeRegexCharacterClass(org.jsoup.select.SelectorTest)  Time elapsed: 0 sec  <<< ERROR!
java.lang.IllegalArgumentException: String input must not be null
	at org.jsoup.select.SelectorTest.testByAttributeRegexCharacterClass(SelectorTest.java:173)

testAllWithClass(org.jsoup.select.SelectorTest)  Time elapsed: 0 sec  <<< ERROR!
java.lang.IllegalArgumentException: String input must not be null
	at org.jsoup.select.SelectorTest.testAllWithClass(SelectorTest.java:207)

testByTag(org.jsoup.select.SelectorTest)  Time elapsed: 0 sec  <<< ERROR!
java.lang.IllegalArgumentException: String input must not be null
	at org.jsoup.select.SelectorTest.testByTag(SelectorTest.java:23)

testById(org.jsoup.select.SelectorTest)  Time elapsed: 0 sec  <<< ERROR!
java.lang.IllegalArgumentException: String input must not be null
	at org.jsoup.select.SelectorTest.testById(SelectorTest.java:34)

findBetweenSpan(org.jsoup.select.SelectorTest)  Time elapsed: 0 sec  <<< ERROR!
java.lang.IllegalArgumentException: String input must not be null
	at org.jsoup.select.SelectorTest.findBetweenSpan(SelectorTest.java:811)

descendant(org.jsoup.select.SelectorTest)  Time elapsed: 0 sec  <<< ERROR!
java.lang.IllegalArgumentException: String input must not be null
	at org.jsoup.select.SelectorTest.descendant(SelectorTest.java:241)

handlesCommasInSelector(org.jsoup.select.SelectorTest)  Time elapsed: 0 sec  <<< ERROR!
java.lang.IllegalArgumentException: String input must not be null
	at org.jsoup.select.SelectorTest.handlesCommasInSelector(SelectorTest.java:665)

notAll(org.jsoup.select.SelectorTest)  Time elapsed: 0 sec  <<< ERROR!
java.lang.IllegalArgumentException: String input must not be null
	at org.jsoup.select.SelectorTest.notAll(SelectorTest.java:648)

testByAttribute(org.jsoup.select.SelectorTest)  Time elapsed: 0 sec  <<< ERROR!
java.lang.IllegalArgumentException: String input must not be null
	at org.jsoup.select.SelectorTest.testByAttribute(SelectorTest.java:69)

selectClassWithSpace(org.jsoup.select.SelectorTest)  Time elapsed: 0 sec  <<< ERROR!
java.lang.IllegalArgumentException: String input must not be null
	at org.jsoup.select.SelectorTest.selectClassWithSpace(SelectorTest.java:689)

notAdjacent(org.jsoup.select.SelectorTest)  Time elapsed: 0 sec  <<< ERROR!
java.lang.IllegalArgumentException: String input must not be null
	at org.jsoup.select.SelectorTest.notAdjacent(SelectorTest.java:372)

testCombinedWithContains(org.jsoup.select.SelectorTest)  Time elapsed: 0 sec  <<< ERROR!
java.lang.IllegalArgumentException: String input must not be null
	at org.jsoup.select.SelectorTest.testCombinedWithContains(SelectorTest.java:188)

containsWithQuote(org.jsoup.select.SelectorTest)  Time elapsed: 0 sec  <<< ERROR!
java.lang.IllegalArgumentException: String input must not be null
	at org.jsoup.select.SelectorTest.containsWithQuote(SelectorTest.java:751)

testPseudoGreaterThan(org.jsoup.select.SelectorTest)  Time elapsed: 0 sec  <<< ERROR!
java.lang.IllegalArgumentException: String input must not be null
	at org.jsoup.select.SelectorTest.testPseudoGreaterThan(SelectorTest.java:450)

testAllElements(org.jsoup.select.SelectorTest)  Time elapsed: 0 sec  <<< ERROR!
java.lang.IllegalArgumentException: String input must not be null
	at org.jsoup.select.SelectorTest.testAllElements(SelectorTest.java:197)

testByAttributeRegex(org.jsoup.select.SelectorTest)  Time elapsed: 0 sec  <<< ERROR!
java.lang.IllegalArgumentException: String input must not be null
	at org.jsoup.select.SelectorTest.testByAttributeRegex(SelectorTest.java:164)

mixCombinator(org.jsoup.select.SelectorTest)  Time elapsed: 0 sec  <<< ERROR!
java.lang.IllegalArgumentException: String input must not be null
	at org.jsoup.select.SelectorTest.mixCombinator(SelectorTest.java:379)

testRelaxedTags(org.jsoup.select.SelectorTest)  Time elapsed: 0 sec  <<< ERROR!
java.lang.IllegalArgumentException: String input must not be null
	at org.jsoup.select.SelectorTest.testRelaxedTags(SelectorTest.java:622)

testPseudoBetween(org.jsoup.select.SelectorTest)  Time elapsed: 0 sec  <<< ERROR!
java.lang.IllegalArgumentException: String input must not be null
	at org.jsoup.select.SelectorTest.testPseudoBetween(SelectorTest.java:471)

testPseudoLessThan(org.jsoup.select.SelectorTest)  Time elapsed: 0 sec  <<< ERROR!
java.lang.IllegalArgumentException: String input must not be null
	at org.jsoup.select.SelectorTest.testPseudoLessThan(SelectorTest.java:441)

testGroupOr(org.jsoup.select.SelectorTest)  Time elapsed: 0 sec  <<< ERROR!
java.lang.IllegalArgumentException: String input must not be null
	at org.jsoup.select.SelectorTest.testGroupOr(SelectorTest.java:214)

testByClass(org.jsoup.select.SelectorTest)  Time elapsed: 0 sec  <<< ERROR!
java.lang.IllegalArgumentException: String input must not be null
	at org.jsoup.select.SelectorTest.testByClass(SelectorTest.java:44)

and(org.jsoup.select.SelectorTest)  Time elapsed: 0 sec  <<< ERROR!
java.lang.IllegalArgumentException: String input must not be null
	at org.jsoup.select.SelectorTest.and(SelectorTest.java:262)

attributeWithBrackets(org.jsoup.select.SelectorTest)  Time elapsed: 0 sec  <<< ERROR!
java.lang.IllegalArgumentException: String input must not be null
	at org.jsoup.select.SelectorTest.attributeWithBrackets(SelectorTest.java:718)

testPsuedoContainsWithParentheses(org.jsoup.select.SelectorTest)  Time elapsed: 0 sec  <<< ERROR!
java.lang.IllegalArgumentException: String input must not be null
	at org.jsoup.select.SelectorTest.testPsuedoContainsWithParentheses(SelectorTest.java:560)

testGroupOrAttribute(org.jsoup.select.SelectorTest)  Time elapsed: 0 sec  <<< ERROR!
java.lang.IllegalArgumentException: String input must not be null
	at org.jsoup.select.SelectorTest.testGroupOrAttribute(SelectorTest.java:231)

caseInsensitive(org.jsoup.select.SelectorTest)  Time elapsed: 0 sec  <<< ERROR!
java.lang.IllegalArgumentException: String input must not be null
	at org.jsoup.select.SelectorTest.caseInsensitive(SelectorTest.java:345)

selectFirst(org.jsoup.select.SelectorTest)  Time elapsed: 0 sec  <<< ERROR!
java.lang.IllegalArgumentException: String input must not be null
	at org.jsoup.select.SelectorTest.selectFirst(SelectorTest.java:759)

containsOwn(org.jsoup.select.SelectorTest)  Time elapsed: 0 sec  <<< ERROR!
java.lang.IllegalArgumentException: String input must not be null
	at org.jsoup.select.SelectorTest.containsOwn(SelectorTest.java:572)

testCharactersInIdAndClass(org.jsoup.select.SelectorTest)  Time elapsed: 0 sec  <<< ERROR!
java.lang.IllegalArgumentException: String input must not be null
	at org.jsoup.select.SelectorTest.testCharactersInIdAndClass(SelectorTest.java:410)

splitOnBr(org.jsoup.select.SelectorTest)  Time elapsed: 0 sec  <<< ERROR!
java.lang.IllegalArgumentException: String input must not be null
	at org.jsoup.select.SelectorTest.splitOnBr(SelectorTest.java:793)

multiChildDescent(org.jsoup.select.SelectorTest)  Time elapsed: 0 sec  <<< ERROR!
java.lang.IllegalArgumentException: String input must not be null
	at org.jsoup.select.SelectorTest.multiChildDescent(SelectorTest.java:337)

adjacentSiblingsWithId(org.jsoup.select.SelectorTest)  Time elapsed: 0 sec  <<< ERROR!
java.lang.IllegalArgumentException: String input must not be null
	at org.jsoup.select.SelectorTest.adjacentSiblingsWithId(SelectorTest.java:364)

testMatches(org.jsoup.select.SelectorTest)  Time elapsed: 0 sec  <<< ERROR!
java.lang.IllegalArgumentException: String input must not be null
	at org.jsoup.select.SelectorTest.testMatches(SelectorTest.java:585)

matchText(org.jsoup.select.SelectorTest)  Time elapsed: 0 sec  <<< ERROR!
java.lang.IllegalArgumentException: String input must not be null
	at org.jsoup.select.SelectorTest.matchText(SelectorTest.java:777)

selectFirstWithOr(org.jsoup.select.SelectorTest)  Time elapsed: 0 sec  <<< ERROR!
java.lang.IllegalArgumentException: String input must not be null
	at org.jsoup.select.SelectorTest.selectFirstWithOr(SelectorTest.java:771)

matchTextAttributes(org.jsoup.select.SelectorTest)  Time elapsed: 0 sec  <<< ERROR!
java.lang.IllegalArgumentException: String input must not be null
	at org.jsoup.select.SelectorTest.matchTextAttributes(SelectorTest.java:803)

parentWithClassChild(org.jsoup.select.SelectorTest)  Time elapsed: 0 sec  <<< ERROR!
java.lang.IllegalArgumentException: String input must not be null
	at org.jsoup.select.SelectorTest.parentWithClassChild(SelectorTest.java:311)

generalSiblings(org.jsoup.select.SelectorTest)  Time elapsed: 0 sec  <<< ERROR!
java.lang.IllegalArgumentException: String input must not be null
	at org.jsoup.select.SelectorTest.generalSiblings(SelectorTest.java:400)

parentChildStar(org.jsoup.select.SelectorTest)  Time elapsed: 0 sec  <<< ERROR!
java.lang.IllegalArgumentException: String input must not be null
	at org.jsoup.select.SelectorTest.parentChildStar(SelectorTest.java:327)

testPseudoCombined(org.jsoup.select.SelectorTest)  Time elapsed: 0 sec  <<< ERROR!
java.lang.IllegalArgumentException: String input must not be null
	at org.jsoup.select.SelectorTest.testPseudoCombined(SelectorTest.java:478)

testPseudoContains(org.jsoup.select.SelectorTest)  Time elapsed: 0 sec  <<< ERROR!
java.lang.IllegalArgumentException: String input must not be null
	at org.jsoup.select.SelectorTest.testPseudoContains(SelectorTest.java:534)

testPseudoHas(org.jsoup.select.SelectorTest)  Time elapsed: 0 sec  <<< ERROR!
java.lang.IllegalArgumentException: String input must not be null
	at org.jsoup.select.SelectorTest.testPseudoHas(SelectorTest.java:485)

notClass(org.jsoup.select.SelectorTest)  Time elapsed: 0.002 sec  <<< ERROR!
java.lang.IllegalArgumentException: String input must not be null
	at org.jsoup.select.SelectorTest.notClass(SelectorTest.java:657)

notParas(org.jsoup.select.SelectorTest)  Time elapsed: 0 sec  <<< ERROR!
java.lang.IllegalArgumentException: String input must not be null
	at org.jsoup.select.SelectorTest.notParas(SelectorTest.java:634)

selectSupplementaryCharacter(org.jsoup.select.SelectorTest)  Time elapsed: 0 sec  <<< ERROR!
java.lang.IllegalArgumentException: String input must not be null
	at org.jsoup.select.SelectorTest.selectSupplementaryCharacter(SelectorTest.java:679)

adjacentSiblings(org.jsoup.select.SelectorTest)  Time elapsed: 0 sec  <<< ERROR!
java.lang.IllegalArgumentException: String input must not be null
	at org.jsoup.select.SelectorTest.adjacentSiblings(SelectorTest.java:355)

testNamespacedTag(org.jsoup.select.SelectorTest)  Time elapsed: 0 sec  <<< ERROR!
java.lang.IllegalArgumentException: String input must not be null
	at org.jsoup.select.SelectorTest.testNamespacedTag(SelectorTest.java:108)

testNestedHas(org.jsoup.select.SelectorTest)  Time elapsed: 0.001 sec  <<< ERROR!
java.lang.IllegalArgumentException: String input must not be null
	at org.jsoup.select.SelectorTest.testNestedHas(SelectorTest.java:515)

parentChildElement(org.jsoup.select.SelectorTest)  Time elapsed: 0 sec  <<< ERROR!
java.lang.IllegalArgumentException: String input must not be null
	at org.jsoup.select.SelectorTest.parentChildElement(SelectorTest.java:297)

testByAttributeRegexCombined(org.jsoup.select.SelectorTest)  Time elapsed: 0 sec  <<< ERROR!
java.lang.IllegalArgumentException: String input must not be null
	at org.jsoup.select.SelectorTest.testByAttributeRegexCombined(SelectorTest.java:181)

matchesOwn(org.jsoup.select.SelectorTest)  Time elapsed: 0 sec  <<< ERROR!
java.lang.IllegalArgumentException: String input must not be null
	at org.jsoup.select.SelectorTest.matchesOwn(SelectorTest.java:612)

testSupportsLeadingCombinator(org.jsoup.select.SelectorTest)  Time elapsed: 0 sec  <<< ERROR!
java.lang.IllegalArgumentException: String input must not be null
	at org.jsoup.select.SelectorTest.testSupportsLeadingCombinator(SelectorTest.java:426)

mixCombinatorGroup(org.jsoup.select.SelectorTest)  Time elapsed: 0 sec  <<< ERROR!
java.lang.IllegalArgumentException: String input must not be null
	at org.jsoup.select.SelectorTest.mixCombinatorGroup(SelectorTest.java:389)

testWildcardNamespacedTag(org.jsoup.select.SelectorTest)  Time elapsed: 0 sec  <<< ERROR!
java.lang.IllegalArgumentException: String input must not be null
	at org.jsoup.select.SelectorTest.testWildcardNamespacedTag(SelectorTest.java:129)

selectFirstWithAnd(org.jsoup.select.SelectorTest)  Time elapsed: 0 sec  <<< ERROR!
java.lang.IllegalArgumentException: String input must not be null
	at org.jsoup.select.SelectorTest.selectFirstWithAnd(SelectorTest.java:765)

